2023-04-13 13:26:57,882 Processing now:

2023-04-13 13:26:57,882 /local/data/alberto/raw/P-1C_259.h5
2023-04-13 13:26:57,882 /local/data/alberto/raw/P-1C_260.h5
2023-04-13 13:26:57,882 /local/data/alberto/raw/P-1C_261.h5
2023-04-13 13:26:57,882 /local/data/alberto/raw/P-1C_262.h5
2023-04-13 13:26:57,882 /local/data/alberto/raw/P-1C_263.h5
2023-04-13 13:26:57,882 /local/data/alberto/raw/P-1C_264.h5
2023-04-13 13:26:57,882 /local/data/alberto/raw/P-1C_265.h5
2023-04-13 13:26:57,882 /local/data/alberto/raw/P-1C_266.h5
2023-04-13 13:26:57,882 /local/data/alberto/raw/P-1C_267.h5
2023-04-13 13:26:57,882 /local/data/alberto/raw/P-1C_268.h5
2023-04-13 13:26:57,882 /local/data/alberto/raw/P-1C_269.h5
2023-04-13 13:26:57,883 /local/data/alberto/raw/P-1C_270.h5
2023-04-13 13:26:57,883 /local/data/alberto/raw/P-1C_271.h5
2023-04-13 13:26:57,883 /local/data/alberto/raw/P-1C_272.h5
2023-04-13 13:26:57,883 /local/data/alberto/raw/P-1C_273.h5
2023-04-13 13:26:57,883 /local/data/alberto/raw/P-1C_274.h5
2023-04-13 13:26:57,883 /local/data/alberto/raw/P-1C_275.h5
2023-04-13 13:26:57,883 /local/data/alberto/raw/P-1C_276.h5
2023-04-13 13:26:57,883 /local/data/alberto/raw/P-1C_277.h5
2023-04-13 13:26:57,883 /local/data/alberto/raw/P-1C_278.h5
2023-04-13 13:26:57,883 /local/data/alberto/raw/P-1C_279.h5
2023-04-13 13:26:57,883 /local/data/alberto/raw/P-1C_280.h5
2023-04-13 13:26:57,883 /local/data/alberto/raw/P-1C_281.h5
2023-04-13 13:26:57,883 /local/data/alberto/raw/P-1C_282.h5
2023-04-13 13:26:57,883 /local/data/alberto/raw/P-1C_283.h5
2023-04-13 13:26:57,883 /local/data/alberto/raw/P-1C_284.h5
2023-04-13 13:26:57,883 /local/data/alberto/raw/P-1C_285.h5
2023-04-13 13:26:57,883 /local/data/alberto/raw/P-1C_286.h5
2023-04-13 13:26:57,883 /local/data/alberto/raw/P-1C_287.h5
2023-04-13 13:26:57,883 /local/data/alberto/raw/P-1C_288.h5
2023-04-13 13:26:57,883 /local/data/alberto/raw/P-1C_289.h5
2023-04-13 13:26:57,883 /local/data/alberto/raw/P-1C_290.h5
2023-04-13 13:26:57,883 /local/data/alberto/raw/P-1C_291.h5
2023-04-13 13:26:57,883 /local/data/alberto/raw/P-1C_292.h5
2023-04-13 13:26:57,884 /local/data/alberto/raw/P-1C_293.h5
2023-04-13 13:26:57,884 /local/data/alberto/raw/P-1C_294.h5
2023-04-13 13:26:57,884 /local/data/alberto/raw/P-1C_295.h5
2023-04-13 13:26:57,884 /local/data/alberto/raw/P-1C_296.h5
2023-04-13 13:26:57,884 /local/data/alberto/raw/P-1C_297.h5
2023-04-13 13:26:57,884 /local/data/alberto/raw/P-1C_298.h5
2023-04-13 13:26:57,884 Initialization ProInit

2023-04-13 13:26:57,884 Reading config.json

2023-04-13 13:26:57,884 Initialization ITKregister

